<?xml version="1.0" encoding="UTF-8"?>
<!-- Generated by org.testng.reporters.JUnitXMLReporter -->
<testsuite ignored="0" hostname="DESKTOP-GC9U5QH" failures="3" tests="4" name="Test" time="88.509" errors="0" timestamp="2023-02-14T15:06:54 IST">
  <testcase classname="nopcommerce_TestCases.TC_001_LoginTest" name="Login_Test" time="66.754"/>
  <testcase classname="nopcommerce_TestCases.TC_001_LoginTest" name="Login_Test" time="2.919">
    <failure type="java.lang.AssertionError">
      <![CDATA[java.lang.AssertionError
at org.junit.Assert.fail(Assert.java:86)
at org.junit.Assert.assertTrue(Assert.java:41)
at org.junit.Assert.assertTrue(Assert.java:52)
at nopcommerce_TestCases.TC_001_LoginTest.Login_Test(TC_001_LoginTest.java:36)
at java.base/java.util.ArrayList.forEach(ArrayList.java:1511)
... Removed 27 stack frames]]>
    </failure>
  </testcase> <!-- Login_Test -->
  <testcase classname="nopcommerce_TestCases.TC_001_LoginTest" name="Login_Test" time="2.916">
    <failure type="java.lang.AssertionError">
      <![CDATA[java.lang.AssertionError
at org.junit.Assert.fail(Assert.java:86)
at org.junit.Assert.assertTrue(Assert.java:41)
at org.junit.Assert.assertTrue(Assert.java:52)
at nopcommerce_TestCases.TC_001_LoginTest.Login_Test(TC_001_LoginTest.java:36)
at java.base/java.util.ArrayList.forEach(ArrayList.java:1511)
... Removed 27 stack frames]]>
    </failure>
  </testcase> <!-- Login_Test -->
  <testcase classname="nopcommerce_TestCases.TC_001_LoginTest" name="Login_Test" time="4.654">
    <failure type="java.lang.AssertionError">
      <![CDATA[java.lang.AssertionError
at org.junit.Assert.fail(Assert.java:86)
at org.junit.Assert.assertTrue(Assert.java:41)
at org.junit.Assert.assertTrue(Assert.java:52)
at nopcommerce_TestCases.TC_001_LoginTest.Login_Test(TC_001_LoginTest.java:36)
at java.base/java.util.ArrayList.forEach(ArrayList.java:1511)
... Removed 27 stack frames]]>
    </failure>
  </testcase> <!-- Login_Test -->
</testsuite> <!-- Test -->
